<?xml version="1.0" encoding="UTF-8"?>
<Site BuildName="Win32-mingw32-make"
	BuildStamp="20200806-2245-Experimental"
	Name="PSANTOS"
	Generator="ctest-3.18.1"
	CompilerName="G:/Compiladores e Interpretadores/C++/msys64/mingw64/bin/g++.exe"
	CompilerVersion="10.1.0"
	OSName="Windows"
	Hostname="PSantos"
	OSRelease=" Professional"
	OSVersion=" (Build 19041)"
	OSPlatform="AMD64"
	Is64Bits="1"
	VendorString="GenuineIntel"
	VendorID="Intel Corporation"
	FamilyID="6"
	ModelID="12"
	ProcessorCacheSize="-1"
	NumberOfLogicalCPU="4"
	NumberOfPhysicalCPU="2"
	TotalVirtualMemory="12737"
	TotalPhysicalMemory="8129"
	LogicalProcessorsPerPhysical="2"
	ProcessorClockFrequency="3600"
	>
	<Testing>
		<StartDateTime>Aug 06 19:45 Hora oficial do Brasil</StartDateTime>
		<StartTestTime>1596753954</StartTestTime>
		<TestList/>
		<EndDateTime>Aug 06 19:45 Hora oficial do Brasil</EndDateTime>
		<EndTestTime>1596753954</EndTestTime>
		<ElapsedMinutes>0</ElapsedMinutes>
	</Testing>
</Site>
